<?xml version="1.0" encoding="UTF-8"?>
<!-- Generated by org.testng.reporters.JUnitXMLReporter -->
<testsuite hostname="LAPTOP-M4FF878A" ignored="0" name="Default test" tests="3" failures="0" timestamp="18 Feb 2019 04:30:23 GMT" time="78.05" errors="0">
  <testcase name="homepage" time="72.499" classname="koovsdemo.methodwithkoovs"/>
  <testcase name="SelectWomen" time="1.089" classname="koovsdemo.methodwithkoovs"/>
  <testcase name="Selectdress" time="4.399" classname="koovsdemo.methodwithkoovs"/>
</testsuite> <!-- Default test -->
